<?xml version="1.0" encoding="UTF-8" ?>
<testsuite tests="1" failures="0" name="com.trainiing.hello.HelloAppEngineTest" time="0.109" errors="1" skipped="0">
  <properties>
    <property name="java.runtime.name" value="Java(TM) SE Runtime Environment"/>
    <property name="sun.boot.library.path" value="C:\Program Files (x86)\Java\jdk1.8.0_172\jre\bin"/>
    <property name="java.vm.version" value="25.172-b11"/>
    <property name="java.vm.vendor" value="Oracle Corporation"/>
    <property name="java.vendor.url" value="http://java.oracle.com/"/>
    <property name="path.separator" value=";"/>
    <property name="java.vm.name" value="Java HotSpot(TM) Client VM"/>
    <property name="file.encoding.pkg" value="sun.io"/>
    <property name="user.script" value=""/>
    <property name="user.country" value="US"/>
    <property name="sun.java.launcher" value="SUN_STANDARD"/>
    <property name="sun.os.patch.level" value=""/>
    <property name="java.vm.specification.name" value="Java Virtual Machine Specification"/>
    <property name="user.dir" value="d:\Projects\Java\ex1\firstapp"/>
    <property name="java.runtime.version" value="1.8.0_172-b11"/>
    <property name="java.awt.graphicsenv" value="sun.awt.Win32GraphicsEnvironment"/>
    <property name="basedir" value="d:\Projects\Java\ex1\firstapp"/>
    <property name="java.endorsed.dirs" value="C:\Program Files (x86)\Java\jdk1.8.0_172\jre\lib\endorsed"/>
    <property name="os.arch" value="x86"/>
    <property name="surefire.real.class.path" value="C:\Users\snjoku\AppData\Local\Temp\surefirebooter1300890619887164747.jar"/>
    <property name="java.io.tmpdir" value="C:\Users\snjoku\AppData\Local\Temp\"/>
    <property name="line.separator" value="
"/>
    <property name="java.vm.specification.vendor" value="Oracle Corporation"/>
    <property name="user.variant" value=""/>
    <property name="os.name" value="Windows Server 2016"/>
    <property name="sun.jnu.encoding" value="Cp1252"/>
    <property name="java.library.path" value="C:\Program Files (x86)\Java\jdk1.8.0_172\jre\bin;C:\windows\Sun\Java\bin;C:\windows\system32;C:\windows;C:\Program Files (x86)\Common Files\Oracle\Java\javapath;C:\Python27\;C:\Python27\Scripts;C:\Users\snjoku\AppData\Roaming\Python\Scripts;C:\ProgramData\Oracle\Java\javapath;C:\Python27;C:\Python27\Scripts;C:\windows\system32;C:\windows;C:\windows\System32\Wbem;C:\windows\System32\WindowsPowerShell\v1.0\;C:\ProgramData\GooGet;C:\Program Files (x86)\Google\Cloud SDK\google-cloud-sdk\bin;C:\Program Files\Compute Engine\sysprep;C:\Program Files\Google\Compute Engine\sysprep\;C:\Program Files\Google\Compute Engine\metadata_scripts\;C:\Program Files (x86)\Git\cmd;C:\apache-maven-3.5.3\apache-maven-3.5.3\bin;C:\Program Files (x86)\Google\Cloud SDK\google-cloud-sdk\platform\gcd\.appengine\bin;C:\Program Files (x86)\Java\jdk1.8.0_172;C:\Users\snjoku\AppData\Local\Microsoft\WindowsApps;C:\Users\snjoku\AppData\Local\GitHubDesktop\bin;."/>
    <property name="surefire.test.class.path" value="d:\Projects\Java\ex1\firstapp\target\test-classes;d:\Projects\Java\ex1\firstapp\target\first-app-0.1.0-SNAPSHOT\WEB-INF\classes;C:\Users\snjoku\.m2\repository\javax\servlet\javax.servlet-api\3.1.0\javax.servlet-api-3.1.0.jar;C:\Users\snjoku\.m2\repository\javax\servlet\jsp\javax.servlet.jsp-api\2.3.1\javax.servlet.jsp-api-2.3.1.jar;C:\Users\snjoku\.m2\repository\jstl\jstl\1.2\jstl-1.2.jar;C:\Users\snjoku\.m2\repository\com\google\appengine\appengine-api-1.0-sdk\1.9.63\appengine-api-1.0-sdk-1.9.63.jar;C:\Users\snjoku\.m2\repository\com\googlecode\objectify\objectify\6.0\objectify-6.0.jar;C:\Users\snjoku\.m2\repository\net\spy\spymemcached\2.12.3\spymemcached-2.12.3.jar;C:\Users\snjoku\.m2\repository\com\google\cloud\google-cloud-datastore\1.29.0\google-cloud-datastore-1.29.0.jar;C:\Users\snjoku\.m2\repository\com\google\cloud\google-cloud-core\1.29.0\google-cloud-core-1.29.0.jar;C:\Users\snjoku\.m2\repository\joda-time\joda-time\2.9.2\joda-time-2.9.2.jar;C:\Users\snjoku\.m2\repository\com\google\api\api-common\1.5.0\api-common-1.5.0.jar;C:\Users\snjoku\.m2\repository\com\google\api\gax\1.25.0\gax-1.25.0.jar;C:\Users\snjoku\.m2\repository\org\threeten\threetenbp\1.3.3\threetenbp-1.3.3.jar;C:\Users\snjoku\.m2\repository\com\google\protobuf\protobuf-java-util\3.5.1\protobuf-java-util-3.5.1.jar;C:\Users\snjoku\.m2\repository\com\google\api\grpc\proto-google-common-protos\1.11.0\proto-google-common-protos-1.11.0.jar;C:\Users\snjoku\.m2\repository\com\google\api\grpc\proto-google-iam-v1\0.12.0\proto-google-iam-v1-0.12.0.jar;C:\Users\snjoku\.m2\repository\com\google\cloud\google-cloud-core-http\1.29.0\google-cloud-core-http-1.29.0.jar;C:\Users\snjoku\.m2\repository\com\google\auth\google-auth-library-credentials\0.9.1\google-auth-library-credentials-0.9.1.jar;C:\Users\snjoku\.m2\repository\com\google\auth\google-auth-library-oauth2-http\0.9.1\google-auth-library-oauth2-http-0.9.1.jar;C:\Users\snjoku\.m2\repository\com\google\http-client\google-http-client-jackson\1.23.0\google-http-client-jackson-1.23.0.jar;C:\Users\snjoku\.m2\repository\org\codehaus\jackson\jackson-core-asl\1.9.11\jackson-core-asl-1.9.11.jar;C:\Users\snjoku\.m2\repository\com\google\api\gax-httpjson\0.42.0\gax-httpjson-0.42.0.jar;C:\Users\snjoku\.m2\repository\io\opencensus\opencensus-api\0.11.1\opencensus-api-0.11.1.jar;C:\Users\snjoku\.m2\repository\io\opencensus\opencensus-contrib-http-util\0.11.1\opencensus-contrib-http-util-0.11.1.jar;C:\Users\snjoku\.m2\repository\com\google\api\grpc\proto-google-cloud-datastore-v1\0.12.0\proto-google-cloud-datastore-v1-0.12.0.jar;C:\Users\snjoku\.m2\repository\com\google\protobuf\protobuf-java\3.5.1\protobuf-java-3.5.1.jar;C:\Users\snjoku\.m2\repository\com\google\cloud\datastore\datastore-v1-proto-client\1.6.0\datastore-v1-proto-client-1.6.0.jar;C:\Users\snjoku\.m2\repository\com\google\http-client\google-http-client-protobuf\1.20.0\google-http-client-protobuf-1.20.0.jar;C:\Users\snjoku\.m2\repository\io\grpc\grpc-core\1.10.1\grpc-core-1.10.1.jar;C:\Users\snjoku\.m2\repository\io\grpc\grpc-context\1.10.1\grpc-context-1.10.1.jar;C:\Users\snjoku\.m2\repository\com\google\code\gson\gson\2.7\gson-2.7.jar;C:\Users\snjoku\.m2\repository\com\google\errorprone\error_prone_annotations\2.1.2\error_prone_annotations-2.1.2.jar;C:\Users\snjoku\.m2\repository\io\opencensus\opencensus-contrib-grpc-metrics\0.11.0\opencensus-contrib-grpc-metrics-0.11.0.jar;C:\Users\snjoku\.m2\repository\org\slf4j\slf4j-api\1.7.25\slf4j-api-1.7.25.jar;C:\Users\snjoku\.m2\repository\com\google\endpoints\endpoints-framework\2.0.14\endpoints-framework-2.0.14.jar;C:\Users\snjoku\.m2\repository\com\google\guava\guava\20.0\guava-20.0.jar;C:\Users\snjoku\.m2\repository\com\fasterxml\jackson\core\jackson-annotations\2.6.4\jackson-annotations-2.6.4.jar;C:\Users\snjoku\.m2\repository\com\fasterxml\jackson\core\jackson-core\2.6.4\jackson-core-2.6.4.jar;C:\Users\snjoku\.m2\repository\com\fasterxml\jackson\core\jackson-databind\2.6.4\jackson-databind-2.6.4.jar;C:\Users\snjoku\.m2\repository\com\google\http-client\google-http-client-jackson2\1.23.0\google-http-client-jackson2-1.23.0.jar;C:\Users\snjoku\.m2\repository\com\google\http-client\google-http-client\1.23.0\google-http-client-1.23.0.jar;C:\Users\snjoku\.m2\repository\org\apache\httpcomponents\httpclient\4.0.1\httpclient-4.0.1.jar;C:\Users\snjoku\.m2\repository\org\apache\httpcomponents\httpcore\4.0.1\httpcore-4.0.1.jar;C:\Users\snjoku\.m2\repository\commons-logging\commons-logging\1.1.1\commons-logging-1.1.1.jar;C:\Users\snjoku\.m2\repository\commons-codec\commons-codec\1.3\commons-codec-1.3.jar;C:\Users\snjoku\.m2\repository\com\google\api-client\google-api-client\1.23.0\google-api-client-1.23.0.jar;C:\Users\snjoku\.m2\repository\com\google\oauth-client\google-oauth-client\1.23.0\google-oauth-client-1.23.0.jar;C:\Users\snjoku\.m2\repository\com\google\api-client\google-api-client-appengine\1.23.0\google-api-client-appengine-1.23.0.jar;C:\Users\snjoku\.m2\repository\com\google\oauth-client\google-oauth-client-appengine\1.23.0\google-oauth-client-appengine-1.23.0.jar;C:\Users\snjoku\.m2\repository\com\google\oauth-client\google-oauth-client-servlet\1.23.0\google-oauth-client-servlet-1.23.0.jar;C:\Users\snjoku\.m2\repository\com\google\http-client\google-http-client-jdo\1.23.0\google-http-client-jdo-1.23.0.jar;C:\Users\snjoku\.m2\repository\com\google\api-client\google-api-client-servlet\1.23.0\google-api-client-servlet-1.23.0.jar;C:\Users\snjoku\.m2\repository\javax\servlet\servlet-api\2.5\servlet-api-2.5.jar;C:\Users\snjoku\.m2\repository\javax\jdo\jdo2-api\2.3-eb\jdo2-api-2.3-eb.jar;C:\Users\snjoku\.m2\repository\javax\transaction\transaction-api\1.1\transaction-api-1.1.jar;C:\Users\snjoku\.m2\repository\com\google\http-client\google-http-client-appengine\1.23.0\google-http-client-appengine-1.23.0.jar;C:\Users\snjoku\.m2\repository\com\google\code\findbugs\jsr305\3.0.1\jsr305-3.0.1.jar;C:\Users\snjoku\.m2\repository\io\swagger\swagger-models\1.5.9\swagger-models-1.5.9.jar;C:\Users\snjoku\.m2\repository\io\swagger\swagger-annotations\1.5.9\swagger-annotations-1.5.9.jar;C:\Users\snjoku\.m2\repository\io\swagger\swagger-core\1.5.9\swagger-core-1.5.9.jar;C:\Users\snjoku\.m2\repository\org\apache\commons\commons-lang3\3.2.1\commons-lang3-3.2.1.jar;C:\Users\snjoku\.m2\repository\com\fasterxml\jackson\datatype\jackson-datatype-joda\2.4.5\jackson-datatype-joda-2.4.5.jar;C:\Users\snjoku\.m2\repository\com\fasterxml\jackson\dataformat\jackson-dataformat-yaml\2.4.5\jackson-dataformat-yaml-2.4.5.jar;C:\Users\snjoku\.m2\repository\org\yaml\snakeyaml\1.12\snakeyaml-1.12.jar;C:\Users\snjoku\.m2\repository\javax\validation\validation-api\1.1.0.Final\validation-api-1.1.0.Final.jar;C:\Users\snjoku\.m2\repository\org\slf4j\slf4j-nop\1.7.21\slf4j-nop-1.7.21.jar;C:\Users\snjoku\.m2\repository\junit\junit\4.12\junit-4.12.jar;C:\Users\snjoku\.m2\repository\org\hamcrest\hamcrest-core\1.3\hamcrest-core-1.3.jar;"/>
    <property name="java.specification.name" value="Java Platform API Specification"/>
    <property name="java.class.version" value="52.0"/>
    <property name="sun.management.compiler" value="HotSpot Client Compiler"/>
    <property name="os.version" value="10.0"/>
    <property name="user.home" value="C:\Users\snjoku"/>
    <property name="user.timezone" value=""/>
    <property name="java.awt.printerjob" value="sun.awt.windows.WPrinterJob"/>
    <property name="java.specification.version" value="1.8"/>
    <property name="file.encoding" value="Cp1252"/>
    <property name="user.name" value="snjoku"/>
    <property name="java.class.path" value="d:\Projects\Java\ex1\firstapp\target\test-classes;d:\Projects\Java\ex1\firstapp\target\first-app-0.1.0-SNAPSHOT\WEB-INF\classes;C:\Users\snjoku\.m2\repository\javax\servlet\javax.servlet-api\3.1.0\javax.servlet-api-3.1.0.jar;C:\Users\snjoku\.m2\repository\javax\servlet\jsp\javax.servlet.jsp-api\2.3.1\javax.servlet.jsp-api-2.3.1.jar;C:\Users\snjoku\.m2\repository\jstl\jstl\1.2\jstl-1.2.jar;C:\Users\snjoku\.m2\repository\com\google\appengine\appengine-api-1.0-sdk\1.9.63\appengine-api-1.0-sdk-1.9.63.jar;C:\Users\snjoku\.m2\repository\com\googlecode\objectify\objectify\6.0\objectify-6.0.jar;C:\Users\snjoku\.m2\repository\net\spy\spymemcached\2.12.3\spymemcached-2.12.3.jar;C:\Users\snjoku\.m2\repository\com\google\cloud\google-cloud-datastore\1.29.0\google-cloud-datastore-1.29.0.jar;C:\Users\snjoku\.m2\repository\com\google\cloud\google-cloud-core\1.29.0\google-cloud-core-1.29.0.jar;C:\Users\snjoku\.m2\repository\joda-time\joda-time\2.9.2\joda-time-2.9.2.jar;C:\Users\snjoku\.m2\repository\com\google\api\api-common\1.5.0\api-common-1.5.0.jar;C:\Users\snjoku\.m2\repository\com\google\api\gax\1.25.0\gax-1.25.0.jar;C:\Users\snjoku\.m2\repository\org\threeten\threetenbp\1.3.3\threetenbp-1.3.3.jar;C:\Users\snjoku\.m2\repository\com\google\protobuf\protobuf-java-util\3.5.1\protobuf-java-util-3.5.1.jar;C:\Users\snjoku\.m2\repository\com\google\api\grpc\proto-google-common-protos\1.11.0\proto-google-common-protos-1.11.0.jar;C:\Users\snjoku\.m2\repository\com\google\api\grpc\proto-google-iam-v1\0.12.0\proto-google-iam-v1-0.12.0.jar;C:\Users\snjoku\.m2\repository\com\google\cloud\google-cloud-core-http\1.29.0\google-cloud-core-http-1.29.0.jar;C:\Users\snjoku\.m2\repository\com\google\auth\google-auth-library-credentials\0.9.1\google-auth-library-credentials-0.9.1.jar;C:\Users\snjoku\.m2\repository\com\google\auth\google-auth-library-oauth2-http\0.9.1\google-auth-library-oauth2-http-0.9.1.jar;C:\Users\snjoku\.m2\repository\com\google\http-client\google-http-client-jackson\1.23.0\google-http-client-jackson-1.23.0.jar;C:\Users\snjoku\.m2\repository\org\codehaus\jackson\jackson-core-asl\1.9.11\jackson-core-asl-1.9.11.jar;C:\Users\snjoku\.m2\repository\com\google\api\gax-httpjson\0.42.0\gax-httpjson-0.42.0.jar;C:\Users\snjoku\.m2\repository\io\opencensus\opencensus-api\0.11.1\opencensus-api-0.11.1.jar;C:\Users\snjoku\.m2\repository\io\opencensus\opencensus-contrib-http-util\0.11.1\opencensus-contrib-http-util-0.11.1.jar;C:\Users\snjoku\.m2\repository\com\google\api\grpc\proto-google-cloud-datastore-v1\0.12.0\proto-google-cloud-datastore-v1-0.12.0.jar;C:\Users\snjoku\.m2\repository\com\google\protobuf\protobuf-java\3.5.1\protobuf-java-3.5.1.jar;C:\Users\snjoku\.m2\repository\com\google\cloud\datastore\datastore-v1-proto-client\1.6.0\datastore-v1-proto-client-1.6.0.jar;C:\Users\snjoku\.m2\repository\com\google\http-client\google-http-client-protobuf\1.20.0\google-http-client-protobuf-1.20.0.jar;C:\Users\snjoku\.m2\repository\io\grpc\grpc-core\1.10.1\grpc-core-1.10.1.jar;C:\Users\snjoku\.m2\repository\io\grpc\grpc-context\1.10.1\grpc-context-1.10.1.jar;C:\Users\snjoku\.m2\repository\com\google\code\gson\gson\2.7\gson-2.7.jar;C:\Users\snjoku\.m2\repository\com\google\errorprone\error_prone_annotations\2.1.2\error_prone_annotations-2.1.2.jar;C:\Users\snjoku\.m2\repository\io\opencensus\opencensus-contrib-grpc-metrics\0.11.0\opencensus-contrib-grpc-metrics-0.11.0.jar;C:\Users\snjoku\.m2\repository\org\slf4j\slf4j-api\1.7.25\slf4j-api-1.7.25.jar;C:\Users\snjoku\.m2\repository\com\google\endpoints\endpoints-framework\2.0.14\endpoints-framework-2.0.14.jar;C:\Users\snjoku\.m2\repository\com\google\guava\guava\20.0\guava-20.0.jar;C:\Users\snjoku\.m2\repository\com\fasterxml\jackson\core\jackson-annotations\2.6.4\jackson-annotations-2.6.4.jar;C:\Users\snjoku\.m2\repository\com\fasterxml\jackson\core\jackson-core\2.6.4\jackson-core-2.6.4.jar;C:\Users\snjoku\.m2\repository\com\fasterxml\jackson\core\jackson-databind\2.6.4\jackson-databind-2.6.4.jar;C:\Users\snjoku\.m2\repository\com\google\http-client\google-http-client-jackson2\1.23.0\google-http-client-jackson2-1.23.0.jar;C:\Users\snjoku\.m2\repository\com\google\http-client\google-http-client\1.23.0\google-http-client-1.23.0.jar;C:\Users\snjoku\.m2\repository\org\apache\httpcomponents\httpclient\4.0.1\httpclient-4.0.1.jar;C:\Users\snjoku\.m2\repository\org\apache\httpcomponents\httpcore\4.0.1\httpcore-4.0.1.jar;C:\Users\snjoku\.m2\repository\commons-logging\commons-logging\1.1.1\commons-logging-1.1.1.jar;C:\Users\snjoku\.m2\repository\commons-codec\commons-codec\1.3\commons-codec-1.3.jar;C:\Users\snjoku\.m2\repository\com\google\api-client\google-api-client\1.23.0\google-api-client-1.23.0.jar;C:\Users\snjoku\.m2\repository\com\google\oauth-client\google-oauth-client\1.23.0\google-oauth-client-1.23.0.jar;C:\Users\snjoku\.m2\repository\com\google\api-client\google-api-client-appengine\1.23.0\google-api-client-appengine-1.23.0.jar;C:\Users\snjoku\.m2\repository\com\google\oauth-client\google-oauth-client-appengine\1.23.0\google-oauth-client-appengine-1.23.0.jar;C:\Users\snjoku\.m2\repository\com\google\oauth-client\google-oauth-client-servlet\1.23.0\google-oauth-client-servlet-1.23.0.jar;C:\Users\snjoku\.m2\repository\com\google\http-client\google-http-client-jdo\1.23.0\google-http-client-jdo-1.23.0.jar;C:\Users\snjoku\.m2\repository\com\google\api-client\google-api-client-servlet\1.23.0\google-api-client-servlet-1.23.0.jar;C:\Users\snjoku\.m2\repository\javax\servlet\servlet-api\2.5\servlet-api-2.5.jar;C:\Users\snjoku\.m2\repository\javax\jdo\jdo2-api\2.3-eb\jdo2-api-2.3-eb.jar;C:\Users\snjoku\.m2\repository\javax\transaction\transaction-api\1.1\transaction-api-1.1.jar;C:\Users\snjoku\.m2\repository\com\google\http-client\google-http-client-appengine\1.23.0\google-http-client-appengine-1.23.0.jar;C:\Users\snjoku\.m2\repository\com\google\code\findbugs\jsr305\3.0.1\jsr305-3.0.1.jar;C:\Users\snjoku\.m2\repository\io\swagger\swagger-models\1.5.9\swagger-models-1.5.9.jar;C:\Users\snjoku\.m2\repository\io\swagger\swagger-annotations\1.5.9\swagger-annotations-1.5.9.jar;C:\Users\snjoku\.m2\repository\io\swagger\swagger-core\1.5.9\swagger-core-1.5.9.jar;C:\Users\snjoku\.m2\repository\org\apache\commons\commons-lang3\3.2.1\commons-lang3-3.2.1.jar;C:\Users\snjoku\.m2\repository\com\fasterxml\jackson\datatype\jackson-datatype-joda\2.4.5\jackson-datatype-joda-2.4.5.jar;C:\Users\snjoku\.m2\repository\com\fasterxml\jackson\dataformat\jackson-dataformat-yaml\2.4.5\jackson-dataformat-yaml-2.4.5.jar;C:\Users\snjoku\.m2\repository\org\yaml\snakeyaml\1.12\snakeyaml-1.12.jar;C:\Users\snjoku\.m2\repository\javax\validation\validation-api\1.1.0.Final\validation-api-1.1.0.Final.jar;C:\Users\snjoku\.m2\repository\org\slf4j\slf4j-nop\1.7.21\slf4j-nop-1.7.21.jar;C:\Users\snjoku\.m2\repository\junit\junit\4.12\junit-4.12.jar;C:\Users\snjoku\.m2\repository\org\hamcrest\hamcrest-core\1.3\hamcrest-core-1.3.jar;"/>
    <property name="java.vm.specification.version" value="1.8"/>
    <property name="sun.arch.data.model" value="32"/>
    <property name="java.home" value="C:\Program Files (x86)\Java\jdk1.8.0_172\jre"/>
    <property name="sun.java.command" value="C:\Users\snjoku\AppData\Local\Temp\surefirebooter1300890619887164747.jar C:\Users\snjoku\AppData\Local\Temp\surefire153051902505333628tmp C:\Users\snjoku\AppData\Local\Temp\surefire7079535041548274148tmp"/>
    <property name="java.specification.vendor" value="Oracle Corporation"/>
    <property name="user.language" value="en"/>
    <property name="awt.toolkit" value="sun.awt.windows.WToolkit"/>
    <property name="java.vm.info" value="mixed mode, sharing"/>
    <property name="java.version" value="1.8.0_172"/>
    <property name="java.ext.dirs" value="C:\Program Files (x86)\Java\jdk1.8.0_172\jre\lib\ext;C:\windows\Sun\Java\lib\ext"/>
    <property name="sun.boot.class.path" value="C:\Program Files (x86)\Java\jdk1.8.0_172\jre\lib\resources.jar;C:\Program Files (x86)\Java\jdk1.8.0_172\jre\lib\rt.jar;C:\Program Files (x86)\Java\jdk1.8.0_172\jre\lib\sunrsasign.jar;C:\Program Files (x86)\Java\jdk1.8.0_172\jre\lib\jsse.jar;C:\Program Files (x86)\Java\jdk1.8.0_172\jre\lib\jce.jar;C:\Program Files (x86)\Java\jdk1.8.0_172\jre\lib\charsets.jar;C:\Program Files (x86)\Java\jdk1.8.0_172\jre\lib\jfr.jar;C:\Program Files (x86)\Java\jdk1.8.0_172\jre\classes"/>
    <property name="java.vendor" value="Oracle Corporation"/>
    <property name="localRepository" value="C:\Users\snjoku\.m2\repository"/>
    <property name="file.separator" value="\"/>
    <property name="java.vendor.url.bug" value="http://bugreport.sun.com/bugreport/"/>
    <property name="sun.cpu.endian" value="little"/>
    <property name="sun.io.unicode.encoding" value="UnicodeLittle"/>
    <property name="sun.desktop" value="windows"/>
    <property name="sun.cpu.isalist" value="pentium_pro+mmx pentium_pro pentium+mmx pentium i486 i386 i86"/>
  </properties>
  <testcase classname="com.trainiing.hello.HelloAppEngineTest" name="test" time="0.094">
    <error type="java.lang.NullPointerException">java.lang.NullPointerException
	at com.trainiing.hello.HelloAppEngine.doGet(HelloAppEngine.java:21)
	at com.trainiing.hello.HelloAppEngineTest.test(HelloAppEngineTest.java:13)
	at sun.reflect.NativeMethodAccessorImpl.invoke0(Native Method)
	at sun.reflect.NativeMethodAccessorImpl.invoke(NativeMethodAccessorImpl.java:62)
	at sun.reflect.DelegatingMethodAccessorImpl.invoke(DelegatingMethodAccessorImpl.java:43)
	at java.lang.reflect.Method.invoke(Method.java:498)
	at org.junit.runners.model.FrameworkMethod$1.runReflectiveCall(FrameworkMethod.java:50)
	at org.junit.internal.runners.model.ReflectiveCallable.run(ReflectiveCallable.java:12)
	at org.junit.runners.model.FrameworkMethod.invokeExplosively(FrameworkMethod.java:47)
	at org.junit.internal.runners.statements.InvokeMethod.evaluate(InvokeMethod.java:17)
	at org.junit.runners.ParentRunner.runLeaf(ParentRunner.java:325)
	at org.junit.runners.BlockJUnit4ClassRunner.runChild(BlockJUnit4ClassRunner.java:78)
	at org.junit.runners.BlockJUnit4ClassRunner.runChild(BlockJUnit4ClassRunner.java:57)
	at org.junit.runners.ParentRunner$3.run(ParentRunner.java:290)
	at org.junit.runners.ParentRunner$1.schedule(ParentRunner.java:71)
	at org.junit.runners.ParentRunner.runChildren(ParentRunner.java:288)
	at org.junit.runners.ParentRunner.access$000(ParentRunner.java:58)
	at org.junit.runners.ParentRunner$2.evaluate(ParentRunner.java:268)
	at org.junit.runners.ParentRunner.run(ParentRunner.java:363)
	at org.apache.maven.surefire.junit4.JUnit4TestSet.execute(JUnit4TestSet.java:62)
	at org.apache.maven.surefire.suite.AbstractDirectoryTestSuite.executeTestSet(AbstractDirectoryTestSuite.java:140)
	at org.apache.maven.surefire.suite.AbstractDirectoryTestSuite.execute(AbstractDirectoryTestSuite.java:127)
	at org.apache.maven.surefire.Surefire.run(Surefire.java:177)
	at sun.reflect.NativeMethodAccessorImpl.invoke0(Native Method)
	at sun.reflect.NativeMethodAccessorImpl.invoke(NativeMethodAccessorImpl.java:62)
	at sun.reflect.DelegatingMethodAccessorImpl.invoke(DelegatingMethodAccessorImpl.java:43)
	at java.lang.reflect.Method.invoke(Method.java:498)
	at org.apache.maven.surefire.booter.SurefireBooter.runSuitesInProcess(SurefireBooter.java:345)
	at org.apache.maven.surefire.booter.SurefireBooter.main(SurefireBooter.java:1009)
</error>
  </testcase>
</testsuite>